[2020-09-13 11:33:58] local.ERROR: Property [id] does not exist on this collection instance. {"exception":"[object] (Exception(code: 0): Property [id] does not exist on this collection instance. at /Users/israel/cursosdesarrolloweb/laravel8/blog-laravel8/vendor/laravel/framework/src/Illuminate/Collections/Traits/EnumeratesValues.php:850)
[stacktrace]
#0 /Users/israel/cursosdesarrolloweb/laravel8/blog-laravel8/database/factories/ProjectFactory.php(28): Illuminate\\Support\\Collection->__get('id')
#1 /Users/israel/cursosdesarrolloweb/laravel8/blog-laravel8/vendor/laravel/framework/src/Illuminate/Database/Eloquent/Factories/Factory.php(361): Database\\Factories\\ProjectFactory->definition()
#2 /Users/israel/cursosdesarrolloweb/laravel8/blog-laravel8/vendor/laravel/framework/src/Illuminate/Database/Eloquent/Factories/Factory.php(338): Illuminate\\Database\\Eloquent\\Factories\\Factory->getRawAttributes(NULL)
#3 /Users/israel/cursosdesarrolloweb/laravel8/blog-laravel8/vendor/laravel/framework/src/Illuminate/Database/Eloquent/Factories/Factory.php(322): Illuminate\\Database\\Eloquent\\Factories\\Factory->getExpandedAttributes(NULL)
#4 /Users/israel/cursosdesarrolloweb/laravel8/blog-laravel8/vendor/laravel/framework/src/Illuminate/Database/Eloquent/Concerns/GuardsAttributes.php(151): Illuminate\\Database\\Eloquent\\Factories\\Factory->Illuminate\\Database\\Eloquent\\Factories\\{closure}()
#5 /Users/israel/cursosdesarrolloweb/laravel8/blog-laravel8/vendor/laravel/framework/src/Illuminate/Database/Eloquent/Factories/Factory.php(327): Illuminate\\Database\\Eloquent\\Model::unguarded(Object(Closure))
#6 /Users/israel/cursosdesarrolloweb/laravel8/blog-laravel8/vendor/laravel/framework/src/Illuminate/Database/Eloquent/Factories/Factory.php(305): Illuminate\\Database\\Eloquent\\Factories\\Factory->makeInstance(NULL)
#7 [internal function]: Illuminate\\Database\\Eloquent\\Factories\\Factory->Illuminate\\Database\\Eloquent\\Factories\\{closure}(1)
#8 /Users/israel/cursosdesarrolloweb/laravel8/blog-laravel8/vendor/laravel/framework/src/Illuminate/Database/Eloquent/Factories/Factory.php(306): array_map(Object(Closure), Array)
#9 /Users/israel/cursosdesarrolloweb/laravel8/blog-laravel8/vendor/laravel/framework/src/Illuminate/Database/Eloquent/Factories/Factory.php(221): Illuminate\\Database\\Eloquent\\Factories\\Factory->make(Array, NULL)
#10 /Users/israel/cursosdesarrolloweb/laravel8/blog-laravel8/database/seeders/DatabaseSeeder.php(23): Illuminate\\Database\\Eloquent\\Factories\\Factory->create()
#11 [internal function]: Database\\Seeders\\DatabaseSeeder->run()
#12 /Users/israel/cursosdesarrolloweb/laravel8/blog-laravel8/vendor/laravel/framework/src/Illuminate/Container/BoundMethod.php(37): call_user_func_array(Array, Array)
#13 /Users/israel/cursosdesarrolloweb/laravel8/blog-laravel8/vendor/laravel/framework/src/Illuminate/Container/Util.php(40): Illuminate\\Container\\BoundMethod::Illuminate\\Container\\{closure}()
#14 /Users/israel/cursosdesarrolloweb/laravel8/blog-laravel8/vendor/laravel/framework/src/Illuminate/Container/BoundMethod.php(95): Illuminate\\Container\\Util::unwrapIfClosure(Object(Closure))
#15 /Users/israel/cursosdesarrolloweb/laravel8/blog-laravel8/vendor/laravel/framework/src/Illuminate/Container/BoundMethod.php(39): Illuminate\\Container\\BoundMethod::callBoundMethod(Object(Illuminate\\Foundation\\Application), Array, Object(Closure))
#16 /Users/israel/cursosdesarrolloweb/laravel8/blog-laravel8/vendor/laravel/framework/src/Illuminate/Container/Container.php(596): Illuminate\\Container\\BoundMethod::call(Object(Illuminate\\Foundation\\Application), Array, Array, NULL)
#17 /Users/israel/cursosdesarrolloweb/laravel8/blog-laravel8/vendor/laravel/framework/src/Illuminate/Database/Seeder.php(137): Illuminate\\Container\\Container->call(Array, Array)
#18 /Users/israel/cursosdesarrolloweb/laravel8/blog-laravel8/vendor/laravel/framework/src/Illuminate/Database/Console/Seeds/SeedCommand.php(65): Illuminate\\Database\\Seeder->__invoke()
#19 /Users/israel/cursosdesarrolloweb/laravel8/blog-laravel8/vendor/laravel/framework/src/Illuminate/Database/Eloquent/Concerns/GuardsAttributes.php(157): Illuminate\\Database\\Console\\Seeds\\SeedCommand->Illuminate\\Database\\Console\\Seeds\\{closure}()
#20 /Users/israel/cursosdesarrolloweb/laravel8/blog-laravel8/vendor/laravel/framework/src/Illuminate/Database/Console/Seeds/SeedCommand.php(66): Illuminate\\Database\\Eloquent\\Model::unguarded(Object(Closure))
#21 [internal function]: Illuminate\\Database\\Console\\Seeds\\SeedCommand->handle()
#22 /Users/israel/cursosdesarrolloweb/laravel8/blog-laravel8/vendor/laravel/framework/src/Illuminate/Container/BoundMethod.php(37): call_user_func_array(Array, Array)
#23 /Users/israel/cursosdesarrolloweb/laravel8/blog-laravel8/vendor/laravel/framework/src/Illuminate/Container/Util.php(40): Illuminate\\Container\\BoundMethod::Illuminate\\Container\\{closure}()
#24 /Users/israel/cursosdesarrolloweb/laravel8/blog-laravel8/vendor/laravel/framework/src/Illuminate/Container/BoundMethod.php(95): Illuminate\\Container\\Util::unwrapIfClosure(Object(Closure))
#25 /Users/israel/cursosdesarrolloweb/laravel8/blog-laravel8/vendor/laravel/framework/src/Illuminate/Container/BoundMethod.php(39): Illuminate\\Container\\BoundMethod::callBoundMethod(Object(Illuminate\\Foundation\\Application), Array, Object(Closure))
#26 /Users/israel/cursosdesarrolloweb/laravel8/blog-laravel8/vendor/laravel/framework/src/Illuminate/Container/Container.php(596): Illuminate\\Container\\BoundMethod::call(Object(Illuminate\\Foundation\\Application), Array, Array, NULL)
#27 /Users/israel/cursosdesarrolloweb/laravel8/blog-laravel8/vendor/laravel/framework/src/Illuminate/Console/Command.php(136): Illuminate\\Container\\Container->call(Array)
#28 /Users/israel/cursosdesarrolloweb/laravel8/blog-laravel8/vendor/symfony/console/Command/Command.php(258): Illuminate\\Console\\Command->execute(Object(Symfony\\Component\\Console\\Input\\ArgvInput), Object(Illuminate\\Console\\OutputStyle))
#29 /Users/israel/cursosdesarrolloweb/laravel8/blog-laravel8/vendor/laravel/framework/src/Illuminate/Console/Command.php(121): Symfony\\Component\\Console\\Command\\Command->run(Object(Symfony\\Component\\Console\\Input\\ArgvInput), Object(Illuminate\\Console\\OutputStyle))
#30 /Users/israel/cursosdesarrolloweb/laravel8/blog-laravel8/vendor/symfony/console/Application.php(916): Illuminate\\Console\\Command->run(Object(Symfony\\Component\\Console\\Input\\ArgvInput), Object(Symfony\\Component\\Console\\Output\\ConsoleOutput))
#31 /Users/israel/cursosdesarrolloweb/laravel8/blog-laravel8/vendor/symfony/console/Application.php(264): Symfony\\Component\\Console\\Application->doRunCommand(Object(Illuminate\\Database\\Console\\Seeds\\SeedCommand), Object(Symfony\\Component\\Console\\Input\\ArgvInput), Object(Symfony\\Component\\Console\\Output\\ConsoleOutput))
#32 /Users/israel/cursosdesarrolloweb/laravel8/blog-laravel8/vendor/symfony/console/Application.php(140): Symfony\\Component\\Console\\Application->doRun(Object(Symfony\\Component\\Console\\Input\\ArgvInput), Object(Symfony\\Component\\Console\\Output\\ConsoleOutput))
#33 /Users/israel/cursosdesarrolloweb/laravel8/blog-laravel8/vendor/laravel/framework/src/Illuminate/Console/Application.php(93): Symfony\\Component\\Console\\Application->run(Object(Symfony\\Component\\Console\\Input\\ArgvInput), Object(Symfony\\Component\\Console\\Output\\ConsoleOutput))
#34 /Users/israel/cursosdesarrolloweb/laravel8/blog-laravel8/vendor/laravel/framework/src/Illuminate/Foundation/Console/Kernel.php(129): Illuminate\\Console\\Application->run(Object(Symfony\\Component\\Console\\Input\\ArgvInput), Object(Symfony\\Component\\Console\\Output\\ConsoleOutput))
#35 /Users/israel/cursosdesarrolloweb/laravel8/blog-laravel8/artisan(37): Illuminate\\Foundation\\Console\\Kernel->handle(Object(Symfony\\Component\\Console\\Input\\ArgvInput), Object(Symfony\\Component\\Console\\Output\\ConsoleOutput))
#36 {main}
"} 
[2020-09-13 11:34:28] local.ERROR: SQLSTATE[23000]: Integrity constraint violation: 1062 Duplicate entry 'app@cursosdesarrolloweb.es' for key 'users_email_unique' (SQL: insert into `users` (`name`, `email`, `email_verified_at`, `password`, `remember_token`, `updated_at`, `created_at`) values (cursosdesarrolloweb, app@cursosdesarrolloweb.es, 2020-09-13 11:34:28, $2y$10$K2Crse4IN.EzJtCHSCW27.dJZ15OfIxi/Tvv.fm0YYn/Yf0XWalja, libUMmMbs6, 2020-09-13 11:34:28, 2020-09-13 11:34:28)) {"exception":"[object] (Illuminate\\Database\\QueryException(code: 23000): SQLSTATE[23000]: Integrity constraint violation: 1062 Duplicate entry 'app@cursosdesarrolloweb.es' for key 'users_email_unique' (SQL: insert into `users` (`name`, `email`, `email_verified_at`, `password`, `remember_token`, `updated_at`, `created_at`) values (cursosdesarrolloweb, app@cursosdesarrolloweb.es, 2020-09-13 11:34:28, $2y$10$K2Crse4IN.EzJtCHSCW27.dJZ15OfIxi/Tvv.fm0YYn/Yf0XWalja, libUMmMbs6, 2020-09-13 11:34:28, 2020-09-13 11:34:28)) at /Users/israel/cursosdesarrolloweb/laravel8/blog-laravel8/vendor/laravel/framework/src/Illuminate/Database/Connection.php:671)
[stacktrace]
#0 /Users/israel/cursosdesarrolloweb/laravel8/blog-laravel8/vendor/laravel/framework/src/Illuminate/Database/Connection.php(631): Illuminate\\Database\\Connection->runQueryCallback('insert into `us...', Array, Object(Closure))
#1 /Users/israel/cursosdesarrolloweb/laravel8/blog-laravel8/vendor/laravel/framework/src/Illuminate/Database/Connection.php(465): Illuminate\\Database\\Connection->run('insert into `us...', Array, Object(Closure))
#2 /Users/israel/cursosdesarrolloweb/laravel8/blog-laravel8/vendor/laravel/framework/src/Illuminate/Database/Connection.php(417): Illuminate\\Database\\Connection->statement('insert into `us...', Array)
#3 /Users/israel/cursosdesarrolloweb/laravel8/blog-laravel8/vendor/laravel/framework/src/Illuminate/Database/Query/Processors/Processor.php(32): Illuminate\\Database\\Connection->insert('insert into `us...', Array)
#4 /Users/israel/cursosdesarrolloweb/laravel8/blog-laravel8/vendor/laravel/framework/src/Illuminate/Database/Query/Builder.php(2851): Illuminate\\Database\\Query\\Processors\\Processor->processInsertGetId(Object(Illuminate\\Database\\Query\\Builder), 'insert into `us...', Array, 'id')
#5 /Users/israel/cursosdesarrolloweb/laravel8/blog-laravel8/vendor/laravel/framework/src/Illuminate/Database/Eloquent/Builder.php(1416): Illuminate\\Database\\Query\\Builder->insertGetId(Array, 'id')
#6 /Users/israel/cursosdesarrolloweb/laravel8/blog-laravel8/vendor/laravel/framework/src/Illuminate/Database/Eloquent/Model.php(894): Illuminate\\Database\\Eloquent\\Builder->__call('insertGetId', Array)
#7 /Users/israel/cursosdesarrolloweb/laravel8/blog-laravel8/vendor/laravel/framework/src/Illuminate/Database/Eloquent/Model.php(859): Illuminate\\Database\\Eloquent\\Model->insertAndSetId(Object(Illuminate\\Database\\Eloquent\\Builder), Array)
#8 /Users/israel/cursosdesarrolloweb/laravel8/blog-laravel8/vendor/laravel/framework/src/Illuminate/Database/Eloquent/Model.php(722): Illuminate\\Database\\Eloquent\\Model->performInsert(Object(Illuminate\\Database\\Eloquent\\Builder))
#9 /Users/israel/cursosdesarrolloweb/laravel8/blog-laravel8/vendor/laravel/framework/src/Illuminate/Database/Eloquent/Factories/Factory.php(249): Illuminate\\Database\\Eloquent\\Model->save()
#10 /Users/israel/cursosdesarrolloweb/laravel8/blog-laravel8/vendor/laravel/framework/src/Illuminate/Collections/Traits/EnumeratesValues.php(230): Illuminate\\Database\\Eloquent\\Factories\\Factory->Illuminate\\Database\\Eloquent\\Factories\\{closure}(Object(App\\Models\\User), 0)
#11 /Users/israel/cursosdesarrolloweb/laravel8/blog-laravel8/vendor/laravel/framework/src/Illuminate/Database/Eloquent/Factories/Factory.php(252): Illuminate\\Support\\Collection->each(Object(Closure))
#12 /Users/israel/cursosdesarrolloweb/laravel8/blog-laravel8/vendor/laravel/framework/src/Illuminate/Database/Eloquent/Factories/Factory.php(228): Illuminate\\Database\\Eloquent\\Factories\\Factory->store(Object(Illuminate\\Database\\Eloquent\\Collection))
#13 /Users/israel/cursosdesarrolloweb/laravel8/blog-laravel8/vendor/laravel/framework/src/Illuminate/Database/Eloquent/Factories/Factory.php(218): Illuminate\\Database\\Eloquent\\Factories\\Factory->create(Array, NULL)
#14 /Users/israel/cursosdesarrolloweb/laravel8/blog-laravel8/database/seeders/DatabaseSeeder.php(21): Illuminate\\Database\\Eloquent\\Factories\\Factory->create(Array)
#15 [internal function]: Database\\Seeders\\DatabaseSeeder->run()
#16 /Users/israel/cursosdesarrolloweb/laravel8/blog-laravel8/vendor/laravel/framework/src/Illuminate/Container/BoundMethod.php(37): call_user_func_array(Array, Array)
#17 /Users/israel/cursosdesarrolloweb/laravel8/blog-laravel8/vendor/laravel/framework/src/Illuminate/Container/Util.php(40): Illuminate\\Container\\BoundMethod::Illuminate\\Container\\{closure}()
#18 /Users/israel/cursosdesarrolloweb/laravel8/blog-laravel8/vendor/laravel/framework/src/Illuminate/Container/BoundMethod.php(95): Illuminate\\Container\\Util::unwrapIfClosure(Object(Closure))
#19 /Users/israel/cursosdesarrolloweb/laravel8/blog-laravel8/vendor/laravel/framework/src/Illuminate/Container/BoundMethod.php(39): Illuminate\\Container\\BoundMethod::callBoundMethod(Object(Illuminate\\Foundation\\Application), Array, Object(Closure))
#20 /Users/israel/cursosdesarrolloweb/laravel8/blog-laravel8/vendor/laravel/framework/src/Illuminate/Container/Container.php(596): Illuminate\\Container\\BoundMethod::call(Object(Illuminate\\Foundation\\Application), Array, Array, NULL)
#21 /Users/israel/cursosdesarrolloweb/laravel8/blog-laravel8/vendor/laravel/framework/src/Illuminate/Database/Seeder.php(137): Illuminate\\Container\\Container->call(Array, Array)
#22 /Users/israel/cursosdesarrolloweb/laravel8/blog-laravel8/vendor/laravel/framework/src/Illuminate/Database/Console/Seeds/SeedCommand.php(65): Illuminate\\Database\\Seeder->__invoke()
#23 /Users/israel/cursosdesarrolloweb/laravel8/blog-laravel8/vendor/laravel/framework/src/Illuminate/Database/Eloquent/Concerns/GuardsAttributes.php(157): Illuminate\\Database\\Console\\Seeds\\SeedCommand->Illuminate\\Database\\Console\\Seeds\\{closure}()
#24 /Users/israel/cursosdesarrolloweb/laravel8/blog-laravel8/vendor/laravel/framework/src/Illuminate/Database/Console/Seeds/SeedCommand.php(66): Illuminate\\Database\\Eloquent\\Model::unguarded(Object(Closure))
#25 [internal function]: Illuminate\\Database\\Console\\Seeds\\SeedCommand->handle()
#26 /Users/israel/cursosdesarrolloweb/laravel8/blog-laravel8/vendor/laravel/framework/src/Illuminate/Container/BoundMethod.php(37): call_user_func_array(Array, Array)
#27 /Users/israel/cursosdesarrolloweb/laravel8/blog-laravel8/vendor/laravel/framework/src/Illuminate/Container/Util.php(40): Illuminate\\Container\\BoundMethod::Illuminate\\Container\\{closure}()
#28 /Users/israel/cursosdesarrolloweb/laravel8/blog-laravel8/vendor/laravel/framework/src/Illuminate/Container/BoundMethod.php(95): Illuminate\\Container\\Util::unwrapIfClosure(Object(Closure))
#29 /Users/israel/cursosdesarrolloweb/laravel8/blog-laravel8/vendor/laravel/framework/src/Illuminate/Container/BoundMethod.php(39): Illuminate\\Container\\BoundMethod::callBoundMethod(Object(Illuminate\\Foundation\\Application), Array, Object(Closure))
#30 /Users/israel/cursosdesarrolloweb/laravel8/blog-laravel8/vendor/laravel/framework/src/Illuminate/Container/Container.php(596): Illuminate\\Container\\BoundMethod::call(Object(Illuminate\\Foundation\\Application), Array, Array, NULL)
#31 /Users/israel/cursosdesarrolloweb/laravel8/blog-laravel8/vendor/laravel/framework/src/Illuminate/Console/Command.php(136): Illuminate\\Container\\Container->call(Array)
#32 /Users/israel/cursosdesarrolloweb/laravel8/blog-laravel8/vendor/symfony/console/Command/Command.php(258): Illuminate\\Console\\Command->execute(Object(Symfony\\Component\\Console\\Input\\ArgvInput), Object(Illuminate\\Console\\OutputStyle))
#33 /Users/israel/cursosdesarrolloweb/laravel8/blog-laravel8/vendor/laravel/framework/src/Illuminate/Console/Command.php(121): Symfony\\Component\\Console\\Command\\Command->run(Object(Symfony\\Component\\Console\\Input\\ArgvInput), Object(Illuminate\\Console\\OutputStyle))
#34 /Users/israel/cursosdesarrolloweb/laravel8/blog-laravel8/vendor/symfony/console/Application.php(916): Illuminate\\Console\\Command->run(Object(Symfony\\Component\\Console\\Input\\ArgvInput), Object(Symfony\\Component\\Console\\Output\\ConsoleOutput))
#35 /Users/israel/cursosdesarrolloweb/laravel8/blog-laravel8/vendor/symfony/console/Application.php(264): Symfony\\Component\\Console\\Application->doRunCommand(Object(Illuminate\\Database\\Console\\Seeds\\SeedCommand), Object(Symfony\\Component\\Console\\Input\\ArgvInput), Object(Symfony\\Component\\Console\\Output\\ConsoleOutput))
#36 /Users/israel/cursosdesarrolloweb/laravel8/blog-laravel8/vendor/symfony/console/Application.php(140): Symfony\\Component\\Console\\Application->doRun(Object(Symfony\\Component\\Console\\Input\\ArgvInput), Object(Symfony\\Component\\Console\\Output\\ConsoleOutput))
#37 /Users/israel/cursosdesarrolloweb/laravel8/blog-laravel8/vendor/laravel/framework/src/Illuminate/Console/Application.php(93): Symfony\\Component\\Console\\Application->run(Object(Symfony\\Component\\Console\\Input\\ArgvInput), Object(Symfony\\Component\\Console\\Output\\ConsoleOutput))
#38 /Users/israel/cursosdesarrolloweb/laravel8/blog-laravel8/vendor/laravel/framework/src/Illuminate/Foundation/Console/Kernel.php(129): Illuminate\\Console\\Application->run(Object(Symfony\\Component\\Console\\Input\\ArgvInput), Object(Symfony\\Component\\Console\\Output\\ConsoleOutput))
#39 /Users/israel/cursosdesarrolloweb/laravel8/blog-laravel8/artisan(37): Illuminate\\Foundation\\Console\\Kernel->handle(Object(Symfony\\Component\\Console\\Input\\ArgvInput), Object(Symfony\\Component\\Console\\Output\\ConsoleOutput))
#40 {main}

[previous exception] [object] (PDOException(code: 23000): SQLSTATE[23000]: Integrity constraint violation: 1062 Duplicate entry 'app@cursosdesarrolloweb.es' for key 'users_email_unique' at /Users/israel/cursosdesarrolloweb/laravel8/blog-laravel8/vendor/laravel/framework/src/Illuminate/Database/Connection.php:464)
[stacktrace]
#0 /Users/israel/cursosdesarrolloweb/laravel8/blog-laravel8/vendor/laravel/framework/src/Illuminate/Database/Connection.php(464): PDOStatement->execute()
#1 /Users/israel/cursosdesarrolloweb/laravel8/blog-laravel8/vendor/laravel/framework/src/Illuminate/Database/Connection.php(664): Illuminate\\Database\\Connection->Illuminate\\Database\\{closure}('insert into `us...', Array)
#2 /Users/israel/cursosdesarrolloweb/laravel8/blog-laravel8/vendor/laravel/framework/src/Illuminate/Database/Connection.php(631): Illuminate\\Database\\Connection->runQueryCallback('insert into `us...', Array, Object(Closure))
#3 /Users/israel/cursosdesarrolloweb/laravel8/blog-laravel8/vendor/laravel/framework/src/Illuminate/Database/Connection.php(465): Illuminate\\Database\\Connection->run('insert into `us...', Array, Object(Closure))
#4 /Users/israel/cursosdesarrolloweb/laravel8/blog-laravel8/vendor/laravel/framework/src/Illuminate/Database/Connection.php(417): Illuminate\\Database\\Connection->statement('insert into `us...', Array)
#5 /Users/israel/cursosdesarrolloweb/laravel8/blog-laravel8/vendor/laravel/framework/src/Illuminate/Database/Query/Processors/Processor.php(32): Illuminate\\Database\\Connection->insert('insert into `us...', Array)
#6 /Users/israel/cursosdesarrolloweb/laravel8/blog-laravel8/vendor/laravel/framework/src/Illuminate/Database/Query/Builder.php(2851): Illuminate\\Database\\Query\\Processors\\Processor->processInsertGetId(Object(Illuminate\\Database\\Query\\Builder), 'insert into `us...', Array, 'id')
#7 /Users/israel/cursosdesarrolloweb/laravel8/blog-laravel8/vendor/laravel/framework/src/Illuminate/Database/Eloquent/Builder.php(1416): Illuminate\\Database\\Query\\Builder->insertGetId(Array, 'id')
#8 /Users/israel/cursosdesarrolloweb/laravel8/blog-laravel8/vendor/laravel/framework/src/Illuminate/Database/Eloquent/Model.php(894): Illuminate\\Database\\Eloquent\\Builder->__call('insertGetId', Array)
#9 /Users/israel/cursosdesarrolloweb/laravel8/blog-laravel8/vendor/laravel/framework/src/Illuminate/Database/Eloquent/Model.php(859): Illuminate\\Database\\Eloquent\\Model->insertAndSetId(Object(Illuminate\\Database\\Eloquent\\Builder), Array)
#10 /Users/israel/cursosdesarrolloweb/laravel8/blog-laravel8/vendor/laravel/framework/src/Illuminate/Database/Eloquent/Model.php(722): Illuminate\\Database\\Eloquent\\Model->performInsert(Object(Illuminate\\Database\\Eloquent\\Builder))
#11 /Users/israel/cursosdesarrolloweb/laravel8/blog-laravel8/vendor/laravel/framework/src/Illuminate/Database/Eloquent/Factories/Factory.php(249): Illuminate\\Database\\Eloquent\\Model->save()
#12 /Users/israel/cursosdesarrolloweb/laravel8/blog-laravel8/vendor/laravel/framework/src/Illuminate/Collections/Traits/EnumeratesValues.php(230): Illuminate\\Database\\Eloquent\\Factories\\Factory->Illuminate\\Database\\Eloquent\\Factories\\{closure}(Object(App\\Models\\User), 0)
#13 /Users/israel/cursosdesarrolloweb/laravel8/blog-laravel8/vendor/laravel/framework/src/Illuminate/Database/Eloquent/Factories/Factory.php(252): Illuminate\\Support\\Collection->each(Object(Closure))
#14 /Users/israel/cursosdesarrolloweb/laravel8/blog-laravel8/vendor/laravel/framework/src/Illuminate/Database/Eloquent/Factories/Factory.php(228): Illuminate\\Database\\Eloquent\\Factories\\Factory->store(Object(Illuminate\\Database\\Eloquent\\Collection))
#15 /Users/israel/cursosdesarrolloweb/laravel8/blog-laravel8/vendor/laravel/framework/src/Illuminate/Database/Eloquent/Factories/Factory.php(218): Illuminate\\Database\\Eloquent\\Factories\\Factory->create(Array, NULL)
#16 /Users/israel/cursosdesarrolloweb/laravel8/blog-laravel8/database/seeders/DatabaseSeeder.php(21): Illuminate\\Database\\Eloquent\\Factories\\Factory->create(Array)
#17 [internal function]: Database\\Seeders\\DatabaseSeeder->run()
#18 /Users/israel/cursosdesarrolloweb/laravel8/blog-laravel8/vendor/laravel/framework/src/Illuminate/Container/BoundMethod.php(37): call_user_func_array(Array, Array)
#19 /Users/israel/cursosdesarrolloweb/laravel8/blog-laravel8/vendor/laravel/framework/src/Illuminate/Container/Util.php(40): Illuminate\\Container\\BoundMethod::Illuminate\\Container\\{closure}()
#20 /Users/israel/cursosdesarrolloweb/laravel8/blog-laravel8/vendor/laravel/framework/src/Illuminate/Container/BoundMethod.php(95): Illuminate\\Container\\Util::unwrapIfClosure(Object(Closure))
#21 /Users/israel/cursosdesarrolloweb/laravel8/blog-laravel8/vendor/laravel/framework/src/Illuminate/Container/BoundMethod.php(39): Illuminate\\Container\\BoundMethod::callBoundMethod(Object(Illuminate\\Foundation\\Application), Array, Object(Closure))
#22 /Users/israel/cursosdesarrolloweb/laravel8/blog-laravel8/vendor/laravel/framework/src/Illuminate/Container/Container.php(596): Illuminate\\Container\\BoundMethod::call(Object(Illuminate\\Foundation\\Application), Array, Array, NULL)
#23 /Users/israel/cursosdesarrolloweb/laravel8/blog-laravel8/vendor/laravel/framework/src/Illuminate/Database/Seeder.php(137): Illuminate\\Container\\Container->call(Array, Array)
#24 /Users/israel/cursosdesarrolloweb/laravel8/blog-laravel8/vendor/laravel/framework/src/Illuminate/Database/Console/Seeds/SeedCommand.php(65): Illuminate\\Database\\Seeder->__invoke()
#25 /Users/israel/cursosdesarrolloweb/laravel8/blog-laravel8/vendor/laravel/framework/src/Illuminate/Database/Eloquent/Concerns/GuardsAttributes.php(157): Illuminate\\Database\\Console\\Seeds\\SeedCommand->Illuminate\\Database\\Console\\Seeds\\{closure}()
#26 /Users/israel/cursosdesarrolloweb/laravel8/blog-laravel8/vendor/laravel/framework/src/Illuminate/Database/Console/Seeds/SeedCommand.php(66): Illuminate\\Database\\Eloquent\\Model::unguarded(Object(Closure))
#27 [internal function]: Illuminate\\Database\\Console\\Seeds\\SeedCommand->handle()
#28 /Users/israel/cursosdesarrolloweb/laravel8/blog-laravel8/vendor/laravel/framework/src/Illuminate/Container/BoundMethod.php(37): call_user_func_array(Array, Array)
#29 /Users/israel/cursosdesarrolloweb/laravel8/blog-laravel8/vendor/laravel/framework/src/Illuminate/Container/Util.php(40): Illuminate\\Container\\BoundMethod::Illuminate\\Container\\{closure}()
#30 /Users/israel/cursosdesarrolloweb/laravel8/blog-laravel8/vendor/laravel/framework/src/Illuminate/Container/BoundMethod.php(95): Illuminate\\Container\\Util::unwrapIfClosure(Object(Closure))
#31 /Users/israel/cursosdesarrolloweb/laravel8/blog-laravel8/vendor/laravel/framework/src/Illuminate/Container/BoundMethod.php(39): Illuminate\\Container\\BoundMethod::callBoundMethod(Object(Illuminate\\Foundation\\Application), Array, Object(Closure))
#32 /Users/israel/cursosdesarrolloweb/laravel8/blog-laravel8/vendor/laravel/framework/src/Illuminate/Container/Container.php(596): Illuminate\\Container\\BoundMethod::call(Object(Illuminate\\Foundation\\Application), Array, Array, NULL)
#33 /Users/israel/cursosdesarrolloweb/laravel8/blog-laravel8/vendor/laravel/framework/src/Illuminate/Console/Command.php(136): Illuminate\\Container\\Container->call(Array)
#34 /Users/israel/cursosdesarrolloweb/laravel8/blog-laravel8/vendor/symfony/console/Command/Command.php(258): Illuminate\\Console\\Command->execute(Object(Symfony\\Component\\Console\\Input\\ArgvInput), Object(Illuminate\\Console\\OutputStyle))
#35 /Users/israel/cursosdesarrolloweb/laravel8/blog-laravel8/vendor/laravel/framework/src/Illuminate/Console/Command.php(121): Symfony\\Component\\Console\\Command\\Command->run(Object(Symfony\\Component\\Console\\Input\\ArgvInput), Object(Illuminate\\Console\\OutputStyle))
#36 /Users/israel/cursosdesarrolloweb/laravel8/blog-laravel8/vendor/symfony/console/Application.php(916): Illuminate\\Console\\Command->run(Object(Symfony\\Component\\Console\\Input\\ArgvInput), Object(Symfony\\Component\\Console\\Output\\ConsoleOutput))
#37 /Users/israel/cursosdesarrolloweb/laravel8/blog-laravel8/vendor/symfony/console/Application.php(264): Symfony\\Component\\Console\\Application->doRunCommand(Object(Illuminate\\Database\\Console\\Seeds\\SeedCommand), Object(Symfony\\Component\\Console\\Input\\ArgvInput), Object(Symfony\\Component\\Console\\Output\\ConsoleOutput))
#38 /Users/israel/cursosdesarrolloweb/laravel8/blog-laravel8/vendor/symfony/console/Application.php(140): Symfony\\Component\\Console\\Application->doRun(Object(Symfony\\Component\\Console\\Input\\ArgvInput), Object(Symfony\\Component\\Console\\Output\\ConsoleOutput))
#39 /Users/israel/cursosdesarrolloweb/laravel8/blog-laravel8/vendor/laravel/framework/src/Illuminate/Console/Application.php(93): Symfony\\Component\\Console\\Application->run(Object(Symfony\\Component\\Console\\Input\\ArgvInput), Object(Symfony\\Component\\Console\\Output\\ConsoleOutput))
#40 /Users/israel/cursosdesarrolloweb/laravel8/blog-laravel8/vendor/laravel/framework/src/Illuminate/Foundation/Console/Kernel.php(129): Illuminate\\Console\\Application->run(Object(Symfony\\Component\\Console\\Input\\ArgvInput), Object(Symfony\\Component\\Console\\Output\\ConsoleOutput))
#41 /Users/israel/cursosdesarrolloweb/laravel8/blog-laravel8/artisan(37): Illuminate\\Foundation\\Console\\Kernel->handle(Object(Symfony\\Component\\Console\\Input\\ArgvInput), Object(Symfony\\Component\\Console\\Output\\ConsoleOutput))
#42 {main}
"} 
